<?xml version="1.0" encoding="UTF-8"?>
<!-- Generated by org.testng.reporters.JUnitReportReporter -->
<testsuite hostname="DESKTOP-L3A7DE7" failures="0" tests="5" name="tutorialsninja.register.TC_RF_018_1" time="34.691" errors="0" timestamp="2025-09-07T14:22:33 IST" skipped="0">
  <testcase classname="tutorialsninja.register.TC_RF_018_1" name="verifyBoundaryValuesOfFieldsOnREgisterAccountPage" time="7.734"/>
  <testcase classname="tutorialsninja.register.TC_RF_018_1" name="verifyBoundaryValuesOfFieldsOnREgisterAccountPage" time="9.619"/>
  <testcase classname="tutorialsninja.register.TC_RF_018_1" name="verifyBoundaryValuesOfFieldsOnREgisterAccountPage" time="5.399"/>
  <testcase classname="tutorialsninja.register.TC_RF_018_1" name="verifyBoundaryValuesOfFieldsOnREgisterAccountPage" time="6.855"/>
  <testcase classname="tutorialsninja.register.TC_RF_018_1" name="verifyBoundaryValuesOfFieldsOnREgisterAccountPage" time="5.084"/>
</testsuite> <!-- tutorialsninja.register.TC_RF_018_1 -->
