<?xml version="1.0" encoding="UTF-8"?>
<!-- Generated by org.testng.reporters.JUnitReportReporter -->
<testsuite hostname="DESKTOP-L3A7DE7" failures="0" tests="1" name="tutorialsninja.register.TC_RF_001" time="4.325" errors="0" timestamp="2025-09-06T17:41:08 IST" skipped="0">
  <testcase classname="tutorialsninja.register.TC_RF_001" name="verifyRegisteringAccountWithMandatoryFields" time="4.325"/>
</testsuite> <!-- tutorialsninja.register.TC_RF_001 -->
