<?xml version="1.0" encoding="UTF-8"?>
<!-- Generated by org.testng.reporters.JUnitReportReporter -->
<testsuite hostname="DESKTOP-L3A7DE7" failures="0" tests="1" name="tutorialsninja.register.TC_RF_015" time="3.963" errors="0" timestamp="2025-08-31T09:26:07 IST" skipped="0">
  <testcase classname="tutorialsninja.register.TC_RF_015" name="verifySpaceIsNotAllowedInRegisterAccountPafeFields" time="3.963"/>
</testsuite> <!-- tutorialsninja.register.TC_RF_015 -->
