<?xml version="1.0" encoding="UTF-8"?>
<!-- Generated by org.testng.reporters.JUnitReportReporter -->
<testsuite hostname="DESKTOP-L3A7DE7" failures="0" tests="1" name="tutorialsninja.register.TC_RF_018" time="5.029" errors="0" timestamp="2025-09-07T12:43:41 IST" skipped="0">
  <testcase classname="tutorialsninja.register.TC_RF_018" name="verifyRegisterAccountFieldsHeightWidthAlignmentEtc" time="5.029"/>
</testsuite> <!-- tutorialsninja.register.TC_RF_018 -->
